<?xml version="1.0" encoding="UTF-8"?>
<testng-results ignored="0" total="2" passed="2" failed="0" skipped="0">
  <reporter-output>
  </reporter-output>
  <suite started-at="2022-08-23T22:17:35 IST" name="Default suite" finished-at="2022-08-23T22:18:08 IST" duration-ms="32551">
    <groups>
    </groups>
    <test started-at="2022-08-23T22:17:35 IST" name="Default test" finished-at="2022-08-23T22:18:08 IST" duration-ms="32551">
      <class name="tests.LoginTest">
        <test-method is-config="true" signature="openapplication()[pri:0, instance:tests.LoginTest@202b0582]" started-at="2022-08-23T22:17:35 IST" name="openapplication" finished-at="2022-08-23T22:17:40 IST" duration-ms="5325" status="PASS">
          <reporter-output>
          </reporter-output>
        </test-method> <!-- openapplication -->
        <test-method signature="login(java.lang.String,java.lang.String,java.lang.String)[pri:0, instance:tests.LoginTest@202b0582]" started-at="2022-08-23T22:17:40 IST" name="login" data-provider="getloginData" finished-at="2022-08-23T22:17:47 IST" duration-ms="6273" status="PASS">
          <params>
            <param index="0">
              <value>
                <![CDATA[arun.selenium@gmail.com]]>
              </value>
            </param>
            <param index="1">
              <value>
                <![CDATA[Second@123]]>
              </value>
            </param>
            <param index="2">
              <value>
                <![CDATA[Successful]]>
              </value>
            </param>
          </params>
          <reporter-output>
          </reporter-output>
        </test-method> <!-- login -->
        <test-method is-config="true" signature="closure()[pri:0, instance:tests.LoginTest@202b0582]" started-at="2022-08-23T22:17:47 IST" name="closure" finished-at="2022-08-23T22:17:47 IST" duration-ms="145" status="PASS">
          <reporter-output>
          </reporter-output>
        </test-method> <!-- closure -->
        <test-method is-config="true" signature="openapplication()[pri:0, instance:tests.LoginTest@202b0582]" started-at="2022-08-23T22:17:47 IST" name="openapplication" finished-at="2022-08-23T22:17:51 IST" duration-ms="4487" status="PASS">
          <reporter-output>
          </reporter-output>
        </test-method> <!-- openapplication -->
        <test-method signature="login(java.lang.String,java.lang.String,java.lang.String)[pri:0, instance:tests.LoginTest@202b0582]" started-at="2022-08-23T22:17:51 IST" name="login" data-provider="getloginData" finished-at="2022-08-23T22:18:07 IST" duration-ms="16099" status="PASS">
          <params>
            <param index="0">
              <value>
                <![CDATA[dummy@gmail.com]]>
              </value>
            </param>
            <param index="1">
              <value>
                <![CDATA[dummy@123]]>
              </value>
            </param>
            <param index="2">
              <value>
                <![CDATA[Failure]]>
              </value>
            </param>
          </params>
          <reporter-output>
          </reporter-output>
        </test-method> <!-- login -->
        <test-method is-config="true" signature="closure()[pri:0, instance:tests.LoginTest@202b0582]" started-at="2022-08-23T22:18:07 IST" name="closure" finished-at="2022-08-23T22:18:08 IST" duration-ms="150" status="PASS">
          <reporter-output>
          </reporter-output>
        </test-method> <!-- closure -->
      </class> <!-- tests.LoginTest -->
    </test> <!-- Default test -->
  </suite> <!-- Default suite -->
</testng-results>
